docs/workflow/discussion/archive-strategy-implementation.md: 001
docs/workflow/discussion/cli-command-structure-ux.md: 001
docs/workflow/discussion/config-file-design.md: 001
docs/workflow/discussion/data-schema-design.md: 001
docs/workflow/discussion/doctor-command-validation.md: 001
docs/workflow/discussion/freshness-dual-write.md: 001
docs/workflow/discussion/hierarchy-dependency-model.md: 001
docs/workflow/discussion/id-format-implementation.md: 001
docs/workflow/discussion/installation-options.md: 001
docs/workflow/discussion/migration-subcommand.md: 001
docs/workflow/discussion/toon-output-format.md: 001
docs/workflow/discussion/tui.md: 001
docs/workflow/discussion/project-fundamentals.md: 001
docs/workflow/specification/doctor-validation.md: 002
docs/workflow/specification/migration.md: 002
docs/workflow/specification/tick-core.md: 002
docs/workflow/specification/installation.md: 002
docs/workflow/specification/doctor-validation.md: 004
docs/workflow/specification/installation.md: 004
docs/workflow/specification/migration.md: 004
docs/workflow/specification/tick-core.md: 004
docs/workflow/planning/tick-core.md: 003
docs/workflow/planning/doctor-validation.md: 003
docs/workflow/planning/installation.md: 003
docs/workflow/planning/migration.md: 003
